<?xml version="1.0" encoding="UTF-8"?>
<!-- Generated by org.testng.reporters.JUnitReportReporter -->
<testsuite hostname="TG-AUTOMTN-VM32" failures="0" tests="1" name="com.realsteel.casestudy.testng.TestNG_FW" time="62.702" errors="0" timestamp="2020-03-02T14:59:40 IST" skipped="0">
  <testcase classname="com.realsteel.casestudy.testng.TestNG_FW" name="tc008_SortByCombo" time="62.702"/>
</testsuite> <!-- com.realsteel.casestudy.testng.TestNG_FW -->
